#
# There is insufficient memory for the Java Runtime Environment to continue.
# Native memory allocation (mmap) failed to map 1342177280 bytes for G1 virtual space
# Possible reasons:
#   The system is out of physical RAM or swap space
#   The process is running with CompressedOops enabled, and the Java Heap may be blocking the growth of the native heap
# Possible solutions:
#   Reduce memory load on the system
#   Increase physical memory or swap space
#   Check if swap backing store is full
#   Decrease Java heap size (-Xmx/-Xms)
#   Decrease number of Java threads
#   Decrease Java thread stack sizes (-Xss)
#   Set larger code cache with -XX:ReservedCodeCacheSize=
#   JVM is running with Zero Based Compressed Oops mode in which the Java heap is
#     placed in the first 32GB address space. The Java Heap base address is the
#     maximum limit for the native heap growth. Please use -XX:HeapBaseMinAddress
#     to set the Java Heap base and to place the Java Heap above 32GB virtual address.
# This output file may be truncated or incomplete.
#
#  Out of Memory Error (os_windows.cpp:3548), pid=101768, tid=100532
#
# JRE version:  (17.0.11+7) (build )
# Java VM: Java HotSpot(TM) 64-Bit Server VM (17.0.11+7-LTS-207, mixed mode, sharing, tiered, compressed oops, compressed class ptrs, g1 gc, windows-amd64)
# Core dump will be written. Default location: C:\JavaProjects_AnuAlias\151-SpringBoot-REST\hs_err_pid101768.mdmp
#

---------------  S U M M A R Y ------------

Command Line: -Dmaven.home=EMBEDDED -Dclassworlds.conf=C:\JavaProjects_AnuAlias\.metadata\.plugins\org.eclipse.m2e.launching\launches\m2conf1828832154512716310.tmp -Dmaven.multiModuleProjectDirectory=C:\JavaProjects_AnuAlias\151-SpringBoot-REST -Dm2e.build.project.data.socket.port=62963 -Dfile.encoding=UTF-8 -Dstdout.encoding=UTF-8 -Dstderr.encoding=UTF-8 -XX:+ShowCodeDetailsInExceptionMessages org.codehaus.plexus.classworlds.launcher.Launcher -Ppom.xml -B -Dstyle.color=always validate clean compile install

Host: Intel(R) Xeon(R) CPU           E5520  @ 2.27GHz, 16 cores, 79G,  Windows Server 2022 , 64 bit Build 20348 (10.0.20348.3089)
Time: Thu Apr 10 17:45:09 2025 India Standard Time elapsed time: 0.038317 seconds (0d 0h 0m 0s)

---------------  T H R E A D  ---------------

Current thread (0x00000226130004a0):  JavaThread "Unknown thread" [_thread_in_vm, id=100532, stack(0x000000966ef00000,0x000000966f000000)]

Stack: [0x000000966ef00000,0x000000966f000000]
Native frames: (J=compiled Java code, j=interpreted, Vv=VM code, C=native code)
V  [jvm.dll+0x679cca]
V  [jvm.dll+0x7da13d]
V  [jvm.dll+0x7dba83]
V  [jvm.dll+0x7dc0f3]
V  [jvm.dll+0x2449af]
V  [jvm.dll+0x676ce9]
V  [jvm.dll+0x66b852]
V  [jvm.dll+0x3018d6]
V  [jvm.dll+0x308e76]
V  [jvm.dll+0x3596ee]
V  [jvm.dll+0x35991f]
V  [jvm.dll+0x2d89a8]
V  [jvm.dll+0x2d9914]
V  [jvm.dll+0x7ac6b1]
V  [jvm.dll+0x366f61]
V  [jvm.dll+0x78b609]
V  [jvm.dll+0x3ec22f]
V  [jvm.dll+0x3ede61]
C  [jli.dll+0x5297]
C  [ucrtbase.dll+0x26b4c]
C  [KERNEL32.DLL+0x14cb0]
C  [ntdll.dll+0x7edcb]


---------------  P R O C E S S  ---------------

Threads class SMR info:
_java_thread_list=0x00007fffab997a18, length=0, elements={
}

Java Threads: ( => current thread )

Other Threads:
  0x00000226130ce430 GCTaskThread "GC Thread#0" [stack: 0x000000966f000000,0x000000966f100000] [id=36892]
  0x000002265b95af30 ConcurrentGCThread "G1 Main Marker" [stack: 0x000000966f100000,0x000000966f200000] [id=97800]
  0x000002265b95b850 ConcurrentGCThread "G1 Conc#0" [stack: 0x000000966f200000,0x000000966f300000] [id=102100]

[error occurred during error reporting (printing all threads), id 0xc0000005, EXCEPTION_ACCESS_VIOLATION (0xc0000005) at pc=0x00007fffab1c9497]

VM state: not at safepoint (not fully initialized)

VM Mutex/Monitor currently owned by a thread:  ([mutex/lock_event])
[0x0000022612ffb0f0] Heap_lock - owner thread: 0x00000226130004a0

Heap address: 0x0000000300000000, size: 20480 MB, Compressed Oops mode: Zero based, Oop shift amount: 3

CDS archive(s) mapped at: [0x0000000000000000-0x0000000000000000-0x0000000000000000), size 0, SharedBaseAddress: 0x0000000800000000, ArchiveRelocationMode: 1.
Narrow klass base: 0x0000000000000000, Narrow klass shift: 0, Narrow klass range: 0x0

GC Precious Log:
<Empty>

Heap:
 garbage-first heap   total 0K, used 0K [0x0000000300000000, 0x0000000800000000)
  region size 16384K, 0 young (0K), 0 survivors (0K)

[error occurred during error reporting (printing heap information), id 0xc0000005, EXCEPTION_ACCESS_VIOLATION (0xc0000005) at pc=0x00007fffab5b3559]

GC Heap History (0 events):
No events

Deoptimization events (0 events):
No events

Classes unloaded (0 events):
No events

Classes redefined (0 events):
No events

Internal exceptions (0 events):
No events

VM Operations (0 events):
No events

Events (1 events):
Event: 0.022 Loaded shared library C:\Program Files\Java\jdk-17\bin\java.dll


Dynamic libraries:
0x00007ff7714f0000 - 0x00007ff771500000 	C:\Program Files\Java\jdk-17\bin\javaw.exe
0x00007ff815860000 - 0x00007ff815a61000 	C:\Windows\SYSTEM32\ntdll.dll
0x00007ff8138a0000 - 0x00007ff81395e000 	C:\Windows\System32\KERNEL32.DLL
0x00007ff812dc0000 - 0x00007ff813130000 	C:\Windows\System32\KERNELBASE.dll
0x000000006deb0000 - 0x000000006df5e000 	C:\Windows\System32\SYSFER.DLL
0x00007ff8132f0000 - 0x00007ff813400000 	C:\Windows\System32\ucrtbase.dll
0x00007ffffa3b0000 - 0x00007ffffa3cb000 	C:\Program Files\Java\jdk-17\bin\VCRUNTIME140.dll
0x00007ffff7070000 - 0x00007ffff7089000 	C:\Program Files\Java\jdk-17\bin\jli.dll
0x00007ff814670000 - 0x00007ff814721000 	C:\Windows\System32\ADVAPI32.dll
0x00007ff814500000 - 0x00007ff8145a3000 	C:\Windows\System32\msvcrt.dll
0x00007ff815520000 - 0x00007ff8155c2000 	C:\Windows\System32\sechost.dll
0x00007ff8132c0000 - 0x00007ff8132e7000 	C:\Windows\System32\bcrypt.dll
0x00007ff813770000 - 0x00007ff81388e000 	C:\Windows\System32\RPCRT4.dll
0x00007ff814f50000 - 0x00007ff8150f5000 	C:\Windows\System32\USER32.dll
0x00007ff813130000 - 0x00007ff813156000 	C:\Windows\System32\win32u.dll
0x00007ff8046f0000 - 0x00007ff804995000 	C:\Windows\WinSxS\amd64_microsoft.windows.common-controls_6595b64144ccf1df_6.0.20348.2849_none_947683b1eef1cae2\COMCTL32.dll
0x00007ff815740000 - 0x00007ff81576c000 	C:\Windows\System32\GDI32.dll
0x00007ff813540000 - 0x00007ff81365b000 	C:\Windows\System32\gdi32full.dll
0x00007ff8136d0000 - 0x00007ff813770000 	C:\Windows\System32\msvcp_win.dll
0x00007ff8049a0000 - 0x00007ff8049aa000 	C:\Windows\SYSTEM32\VERSION.dll
0x00007ff8157e0000 - 0x00007ff815811000 	C:\Windows\System32\IMM32.DLL
0x00007ff800c20000 - 0x00007ff800c2c000 	C:\Program Files\Java\jdk-17\bin\vcruntime140_1.dll
0x00007fffdd610000 - 0x00007fffdd69e000 	C:\Program Files\Java\jdk-17\bin\msvcp140.dll
0x00007fffaaee0000 - 0x00007fffabac0000 	C:\Program Files\Java\jdk-17\bin\server\jvm.dll
0x00007ff8143e0000 - 0x00007ff8143e8000 	C:\Windows\System32\PSAPI.DLL
0x00007ffff7530000 - 0x00007ffff7539000 	C:\Windows\SYSTEM32\WSOCK32.dll
0x00007ff8143f0000 - 0x00007ff814461000 	C:\Windows\System32\WS2_32.dll
0x00007ff8049b0000 - 0x00007ff8049d7000 	C:\Windows\SYSTEM32\WINMM.dll
0x00007ff811690000 - 0x00007ff8116a7000 	C:\Windows\SYSTEM32\kernel.appcore.dll
0x00007ffffbcb0000 - 0x00007ffffbcba000 	C:\Program Files\Java\jdk-17\bin\jimage.dll
0x00007ff804fa0000 - 0x00007ff8051b1000 	C:\Windows\SYSTEM32\DBGHELP.DLL
0x00007ff801e30000 - 0x00007ff801e60000 	C:\Windows\SYSTEM32\dbgcore.DLL
0x00007ff8134c0000 - 0x00007ff81353f000 	C:\Windows\System32\bcryptPrimitives.dll
0x00007fffdd5e0000 - 0x00007fffdd605000 	C:\Program Files\Java\jdk-17\bin\java.dll

dbghelp: loaded successfully - version: 4.0.5 - missing functions: none
symbol engine: initialized successfully - sym options: 0x614 - pdb path: .;C:\Program Files\Java\jdk-17\bin;C:\Windows\SYSTEM32;C:\Windows\WinSxS\amd64_microsoft.windows.common-controls_6595b64144ccf1df_6.0.20348.2849_none_947683b1eef1cae2;C:\Program Files\Java\jdk-17\bin\server

VM Arguments:
jvm_args: -Dmaven.home=EMBEDDED -Dclassworlds.conf=C:\JavaProjects_AnuAlias\.metadata\.plugins\org.eclipse.m2e.launching\launches\m2conf1828832154512716310.tmp -Dmaven.multiModuleProjectDirectory=C:\JavaProjects_AnuAlias\151-SpringBoot-REST -Dm2e.build.project.data.socket.port=62963 -Dfile.encoding=UTF-8 -Dstdout.encoding=UTF-8 -Dstderr.encoding=UTF-8 -XX:+ShowCodeDetailsInExceptionMessages 
java_command: org.codehaus.plexus.classworlds.launcher.Launcher -Ppom.xml -B -Dstyle.color=always validate clean compile install
java_class_path (initial): C:\spring-tool-suite_devops4\sts-4.27.0.RELEASE\plugins\org.eclipse.m2e.maven.runtime_3.9.900.20240824-1409\jars\plexus-classworlds-2.8.0.jar
Launcher Type: SUN_STANDARD

[Global flags]
     intx CICompilerCount                          = 12                                        {product} {ergonomic}
     uint ConcGCThreads                            = 3                                         {product} {ergonomic}
     uint G1ConcRefinementThreads                  = 13                                        {product} {ergonomic}
   size_t G1HeapRegionSize                         = 16777216                                  {product} {ergonomic}
    uintx GCDrainStackTargetSize                   = 64                                        {product} {ergonomic}
   size_t InitialHeapSize                          = 1342177280                                {product} {ergonomic}
   size_t MarkStackSize                            = 4194304                                   {product} {ergonomic}
   size_t MaxHeapSize                              = 21474836480                               {product} {ergonomic}
   size_t MinHeapDeltaBytes                        = 16777216                                  {product} {ergonomic}
   size_t MinHeapSize                              = 16777216                                  {product} {ergonomic}
    uintx NonNMethodCodeHeapSize                   = 7602480                                {pd product} {ergonomic}
    uintx NonProfiledCodeHeapSize                  = 122027880                              {pd product} {ergonomic}
    uintx ProfiledCodeHeapSize                     = 122027880                              {pd product} {ergonomic}
    uintx ReservedCodeCacheSize                    = 251658240                              {pd product} {ergonomic}
     bool SegmentedCodeCache                       = true                                      {product} {ergonomic}
     bool ShowCodeDetailsInExceptionMessages       = true                                   {manageable} {command line}
   size_t SoftMaxHeapSize                          = 21474836480                            {manageable} {ergonomic}
     bool UseCompressedClassPointers               = true                           {product lp64_product} {ergonomic}
     bool UseCompressedOops                        = true                           {product lp64_product} {ergonomic}
     bool UseG1GC                                  = true                                      {product} {ergonomic}
     bool UseLargePagesIndividualAllocation        = false                                  {pd product} {ergonomic}

Logging:
Log output configuration:
 #0: stdout all=warning uptime,level,tags
 #1: stderr all=off uptime,level,tags

Environment Variables:
JAVA_HOME=C:\Program Files\Java\jdk-17
PATH=C:/spring-tool-suite_devops4/sts-4.27.0.RELEASE//plugins/org.eclipse.justj.openjdk.hotspot.jre.full.win32.x86_64_21.0.5.v20241023-1957/jre/bin/server;C:/spring-tool-suite_devops4/sts-4.27.0.RELEASE//plugins/org.eclipse.justj.openjdk.hotspot.jre.full.win32.x86_64_21.0.5.v20241023-1957/jre/bin;C:\Program Files\Java\jdk-17\bin;C:\Users\devops4\AppData\Local\Microsoft\WindowsApps;;C:\spring-tool-suite_devops4\sts-4.27.0.RELEASE;
USERNAME=devops4
OS=Windows_NT
PROCESSOR_IDENTIFIER=Intel64 Family 6 Model 26 Stepping 5, GenuineIntel



---------------  S Y S T E M  ---------------

OS:
 Windows Server 2022 , 64 bit Build 20348 (10.0.20348.3089)
OS uptime: 2 days 20:51 hours
Hyper-V role detected

CPU: total 16 (initial active 16) (4 cores per cpu, 2 threads per core) family 6 model 26 stepping 5 microcode 0x1d, cx8, cmov, fxsr, ht, mmx, sse, sse2, sse3, ssse3, sse4.1, sse4.2, popcnt, tsc, tscinvbit, clflush, hv

Memory: 4k page, system-wide physical 81875M (5781M free)
TotalPageFile size 119272M (AvailPageFile size 287M)
current process WorkingSet (physical memory assigned to process): 12M, peak: 12M
current process commit charge ("private bytes"): 71M, peak: 1351M

vm_info: Java HotSpot(TM) 64-Bit Server VM (17.0.11+7-LTS-207) for windows-amd64 JRE (17.0.11+7-LTS-207), built on Mar 11 2024 19:01:50 by "mach5one" with MS VC++ 17.6 (VS2022)

END.
