#
# There is insufficient memory for the Java Runtime Environment to continue.
# Native memory allocation (malloc) failed to allocate 1063056 bytes for Chunk::new
# Possible reasons:
#   The system is out of physical RAM or swap space
#   The process is running with CompressedOops enabled, and the Java Heap may be blocking the growth of the native heap
# Possible solutions:
#   Reduce memory load on the system
#   Increase physical memory or swap space
#   Check if swap backing store is full
#   Decrease Java heap size (-Xmx/-Xms)
#   Decrease number of Java threads
#   Decrease Java thread stack sizes (-Xss)
#   Set larger code cache with -XX:ReservedCodeCacheSize=
#   JVM is running with Zero Based Compressed Oops mode in which the Java heap is
#     placed in the first 32GB address space. The Java Heap base address is the
#     maximum limit for the native heap growth. Please use -XX:HeapBaseMinAddress
#     to set the Java Heap base and to place the Java Heap above 32GB virtual address.
# This output file may be truncated or incomplete.
#
#  Out of Memory Error (arena.cpp:189), pid=74924, tid=47972
#
# JRE version: Java(TM) SE Runtime Environment (17.0.11+7) (build 17.0.11+7-LTS-207)
# Java VM: Java HotSpot(TM) 64-Bit Server VM (17.0.11+7-LTS-207, mixed mode, sharing, tiered, compressed oops, compressed class ptrs, g1 gc, windows-amd64)
# Core dump will be written. Default location: C:\JavaProjects_AnuAlias\150-SpringBoot-JPA-MVC\hs_err_pid74924.mdmp
#

---------------  S U M M A R Y ------------

Command Line: -Dfile.encoding=UTF-8 -Dstdout.encoding=UTF-8 -Dstderr.encoding=UTF-8 -XX:+ShowCodeDetailsInExceptionMessages com.training.Application

Host: Intel(R) Xeon(R) CPU           E5520  @ 2.27GHz, 16 cores, 79G,  Windows Server 2022 , 64 bit Build 20348 (10.0.20348.3089)
Time: Thu Apr 10 14:38:20 2025 India Standard Time elapsed time: 29.916432 seconds (0d 0h 0m 29s)

---------------  T H R E A D  ---------------

Current thread (0x00000248a3e0ba90):  JavaThread "C2 CompilerThread3" daemon [_thread_in_native, id=47972, stack(0x000000faa5500000,0x000000faa5600000)]


Current CompileTask:
C2:  29916 4669       4       org.springframework.boot.context.properties.source.SpringConfigurationPropertySources$SourcesIterator::fetchNext (139 bytes)

Stack: [0x000000faa5500000,0x000000faa5600000]
Native frames: (J=compiled Java code, j=interpreted, Vv=VM code, C=native code)
V  [jvm.dll+0x679cca]
V  [jvm.dll+0x7da13d]
V  [jvm.dll+0x7dba83]
V  [jvm.dll+0x7dc0f3]
V  [jvm.dll+0x2449af]
V  [jvm.dll+0xab83b]
V  [jvm.dll+0xabe1c]
V  [jvm.dll+0x36155f]
V  [jvm.dll+0x1b9fca]
V  [jvm.dll+0x216337]
V  [jvm.dll+0x21560f]
V  [jvm.dll+0x1a2040]
V  [jvm.dll+0x225a2b]
V  [jvm.dll+0x223bcb]
V  [jvm.dll+0x7903ec]
V  [jvm.dll+0x78a85a]
V  [jvm.dll+0x678bb5]
C  [ucrtbase.dll+0x26b4c]
C  [KERNEL32.DLL+0x14cb0]
C  [ntdll.dll+0x7edcb]


---------------  P R O C E S S  ---------------

Threads class SMR info:
_java_thread_list=0x00000248a4d34220, length=25, elements={
0x0000024812ad4440, 0x000002485c4c3f10, 0x000002485c4c4ca0, 0x000002485c4cc810,
0x000002485c4d0450, 0x000002485c4d0e10, 0x000002485c4d2510, 0x000002485c4d3200,
0x000002485c4d3cb0, 0x000002485c50ee70, 0x000002485c62c750, 0x000002485c63a8e0,
0x000002485c64b9a0, 0x00000248a3019ea0, 0x00000248a301aba0, 0x00000248a27ea760,
0x00000248a3e0b540, 0x00000248a3e0ba90, 0x00000248a3e0bfe0, 0x00000248a4aa1d70,
0x00000248a4aa22c0, 0x00000248a48099c0, 0x00000248a5243fe0, 0x00000248a4413f30,
0x00000248a4414950
}

Java Threads: ( => current thread )
  0x0000024812ad4440 JavaThread "main" [_thread_blocked, id=35628, stack(0x000000faa2f00000,0x000000faa3000000)]
  0x000002485c4c3f10 JavaThread "Reference Handler" daemon [_thread_blocked, id=42304, stack(0x000000faa3600000,0x000000faa3700000)]
  0x000002485c4c4ca0 JavaThread "Finalizer" daemon [_thread_blocked, id=80540, stack(0x000000faa3700000,0x000000faa3800000)]
  0x000002485c4cc810 JavaThread "Signal Dispatcher" daemon [_thread_blocked, id=62816, stack(0x000000faa3800000,0x000000faa3900000)]
  0x000002485c4d0450 JavaThread "Attach Listener" daemon [_thread_blocked, id=45252, stack(0x000000faa3900000,0x000000faa3a00000)]
  0x000002485c4d0e10 JavaThread "Service Thread" daemon [_thread_blocked, id=53124, stack(0x000000faa3a00000,0x000000faa3b00000)]
  0x000002485c4d2510 JavaThread "Monitor Deflation Thread" daemon [_thread_blocked, id=23540, stack(0x000000faa3b00000,0x000000faa3c00000)]
  0x000002485c4d3200 JavaThread "C2 CompilerThread0" daemon [_thread_in_native, id=81696, stack(0x000000faa3c00000,0x000000faa3d00000)]
  0x000002485c4d3cb0 JavaThread "C1 CompilerThread0" daemon [_thread_blocked, id=15744, stack(0x000000faa3d00000,0x000000faa3e00000)]
  0x000002485c50ee70 JavaThread "Sweeper thread" daemon [_thread_blocked, id=61820, stack(0x000000faa3e00000,0x000000faa3f00000)]
  0x000002485c62c750 JavaThread "C1 CompilerThread1" daemon [_thread_blocked, id=75164, stack(0x000000faa3f00000,0x000000faa4000000)]
  0x000002485c63a8e0 JavaThread "Notification Thread" daemon [_thread_blocked, id=15404, stack(0x000000faa4000000,0x000000faa4100000)]
  0x000002485c64b9a0 JavaThread "Common-Cleaner" daemon [_thread_blocked, id=46696, stack(0x000000faa4200000,0x000000faa4300000)]
  0x00000248a3019ea0 JavaThread "Thread-0" [_thread_blocked, id=82572, stack(0x000000faa4500000,0x000000faa4600000)]
  0x00000248a301aba0 JavaThread "restartedMain" [_thread_in_vm, id=38152, stack(0x000000faa4600000,0x000000faa4700000)]
  0x00000248a27ea760 JavaThread "C2 CompilerThread1" daemon [_thread_in_native, id=74604, stack(0x000000faa4400000,0x000000faa4500000)]
  0x00000248a3e0b540 JavaThread "C2 CompilerThread2" daemon [_thread_in_native, id=82644, stack(0x000000faa4300000,0x000000faa4400000)]
=>0x00000248a3e0ba90 JavaThread "C2 CompilerThread3" daemon [_thread_in_native, id=47972, stack(0x000000faa5500000,0x000000faa5600000)]
  0x00000248a3e0bfe0 JavaThread "C2 CompilerThread4" daemon [_thread_in_native, id=61224, stack(0x000000faa5600000,0x000000faa5700000)]
  0x00000248a4aa1d70 JavaThread "C2 CompilerThread5" daemon [_thread_in_native, id=78612, stack(0x000000faa5700000,0x000000faa5800000)]
  0x00000248a4aa22c0 JavaThread "C2 CompilerThread6" daemon [_thread_in_native, id=13932, stack(0x000000faa5a00000,0x000000faa5b00000)]
  0x00000248a48099c0 JavaThread "Catalina-utility-1" [_thread_blocked, id=75372, stack(0x000000faa4700000,0x000000faa4800000)]
  0x00000248a5243fe0 JavaThread "Catalina-utility-2" [_thread_blocked, id=60208, stack(0x000000faa4800000,0x000000faa4900000)]
  0x00000248a4413f30 JavaThread "container-0" [_thread_blocked, id=37308, stack(0x000000faa5b00000,0x000000faa5c00000)]
  0x00000248a4414950 JavaThread "mysql-cj-abandoned-connection-cleanup" daemon [_thread_blocked, id=69728, stack(0x000000faa5c00000,0x000000faa5d00000)]

Other Threads:
  0x0000024829df7eb0 VMThread "VM Thread" [stack: 0x000000faa3500000,0x000000faa3600000] [id=43056]
  0x0000024812b6bc60 WatcherThread [stack: 0x000000faa4100000,0x000000faa4200000] [id=35784]
  0x0000024829ca1d00 GCTaskThread "GC Thread#0" [stack: 0x000000faa3000000,0x000000faa3100000] [id=66028]
  0x00000248a346f050 GCTaskThread "GC Thread#1" [stack: 0x000000faa4900000,0x000000faa4a00000] [id=80452]
  0x00000248a2e7acf0 GCTaskThread "GC Thread#2" [stack: 0x000000faa4a00000,0x000000faa4b00000] [id=37556]
  0x00000248a34f52f0 GCTaskThread "GC Thread#3" [stack: 0x000000faa4b00000,0x000000faa4c00000] [id=48656]
  0x00000248a34b9450 GCTaskThread "GC Thread#4" [stack: 0x000000faa4c00000,0x000000faa4d00000] [id=14612]
  0x00000248a3469840 GCTaskThread "GC Thread#5" [stack: 0x000000faa4d00000,0x000000faa4e00000] [id=70164]
  0x00000248a338a280 GCTaskThread "GC Thread#6" [stack: 0x000000faa4e00000,0x000000faa4f00000] [id=14796]
  0x00000248a37cecd0 GCTaskThread "GC Thread#7" [stack: 0x000000faa4f00000,0x000000faa5000000] [id=4168]
  0x00000248a3784440 GCTaskThread "GC Thread#8" [stack: 0x000000faa5000000,0x000000faa5100000] [id=72716]
  0x00000248a3448130 GCTaskThread "GC Thread#9" [stack: 0x000000faa5100000,0x000000faa5200000] [id=40952]
  0x00000248a2ddb2d0 GCTaskThread "GC Thread#10" [stack: 0x000000faa5200000,0x000000faa5300000] [id=70256]
  0x00000248a2d7ff10 GCTaskThread "GC Thread#11" [stack: 0x000000faa5300000,0x000000faa5400000] [id=46956]
  0x00000248a2d80a10 GCTaskThread "GC Thread#12" [stack: 0x000000faa5400000,0x000000faa5500000] [id=14924]
  0x0000024812b5e410 ConcurrentGCThread "G1 Main Marker" [stack: 0x000000faa3100000,0x000000faa3200000] [id=31916]
  0x0000024812b5ee20 ConcurrentGCThread "G1 Conc#0" [stack: 0x000000faa3200000,0x000000faa3300000] [id=25784]
  0x00000248a2d7f990 ConcurrentGCThread "G1 Conc#1" [stack: 0x000000faa5800000,0x000000faa5900000] [id=37540]
  0x00000248a2d7fc50 ConcurrentGCThread "G1 Conc#2" [stack: 0x000000faa5900000,0x000000faa5a00000] [id=47428]
  0x0000024812b8e250 ConcurrentGCThread "G1 Refine#0" [stack: 0x000000faa3300000,0x000000faa3400000] [id=34116]
  0x0000024812b8ec80 ConcurrentGCThread "G1 Service" [stack: 0x000000faa3400000,0x000000faa3500000] [id=78224]

Threads with active compile tasks:
C2 CompilerThread0    30029 4729       4       org.springframework.boot.context.properties.source.SystemEnvironmentPropertyMapper::isLegacyAncestorOf (34 bytes)
C2 CompilerThread1    30030 4728       4       org.springframework.boot.context.properties.source.SystemEnvironmentPropertyMapper$$Lambda$115/0x000002485e0bc3a0::test (16 bytes)
C2 CompilerThread2    30030 4739       4       org.springframework.core.annotation.TypeMappedAnnotations::scan (66 bytes)
C2 CompilerThread3    30030 4669       4       org.springframework.boot.context.properties.source.SpringConfigurationPropertySources$SourcesIterator::fetchNext (139 bytes)
C2 CompilerThread4    30030 4746       4       org.springframework.core.BridgeMethodResolver::resolveBridgeMethod (180 bytes)
C2 CompilerThread5    30030 4705       4       java.util.function.BiPredicate$$Lambda$116/0x000002485e07eeb0::test (16 bytes)
C2 CompilerThread6    30031 4744       4       org.springframework.core.annotation.AnnotationsScanner::scan (21 bytes)

VM state: not at safepoint (normal execution)

VM Mutex/Monitor currently owned by a thread: None

Heap address: 0x0000000300000000, size: 20480 MB, Compressed Oops mode: Zero based, Oop shift amount: 3

CDS archive(s) mapped at: [0x000002485d000000-0x000002485dbd0000-0x000002485dbd0000), size 12386304, SharedBaseAddress: 0x000002485d000000, ArchiveRelocationMode: 1.
Compressed class space mapped at: 0x000002485e000000-0x000002489e000000, reserved size: 1073741824
Narrow klass base: 0x000002485d000000, Narrow klass shift: 0, Narrow klass range: 0x100000000

GC Precious Log:
 CPUs: 16 total, 16 available
 Memory: 81875M
 Large Page Support: Disabled
 NUMA Support: Disabled
 Compressed Oops: Enabled (Zero based)
 Heap Region Size: 16M
 Heap Min Capacity: 16M
 Heap Initial Capacity: 1280M
 Heap Max Capacity: 20G
 Pre-touch: Disabled
 Parallel Workers: 13
 Concurrent Workers: 3
 Concurrent Refinement Workers: 13
 Periodic GC: Disabled

Heap:
 garbage-first heap   total 163840K, used 78412K [0x0000000300000000, 0x0000000800000000)
  region size 16384K, 6 young (98304K), 1 survivors (16384K)
 Metaspace       used 34246K, committed 34624K, reserved 1114112K
  class space    used 4386K, committed 4544K, reserved 1048576K

Heap Regions: E=young(eden), S=young(survivor), O=old, HS=humongous(starts), HC=humongous(continues), CS=collection set, F=free, OA=open archive, CA=closed archive, TAMS=top-at-mark-start (previous, next)
|   0|0x0000000300000000, 0x0000000300910200, 0x0000000301000000| 56%| O|  |TAMS 0x0000000300910200, 0x0000000300000000| Complete 
|   1|0x0000000301000000, 0x0000000301000000, 0x0000000302000000|  0%| F|  |TAMS 0x0000000301000000, 0x0000000301000000| Untracked 
|   2|0x0000000302000000, 0x0000000302000000, 0x0000000303000000|  0%| F|  |TAMS 0x0000000302000000, 0x0000000302000000| Untracked 
|   3|0x0000000303000000, 0x0000000303000000, 0x0000000304000000|  0%| F|  |TAMS 0x0000000303000000, 0x0000000303000000| Untracked 
|   4|0x0000000304000000, 0x0000000304ed0dc8, 0x0000000305000000| 92%| E|  |TAMS 0x0000000304000000, 0x0000000304000000| Complete 
|   5|0x0000000305000000, 0x0000000306000000, 0x0000000306000000|100%| E|CS|TAMS 0x0000000305000000, 0x0000000305000000| Complete 
|   6|0x0000000306000000, 0x0000000307000000, 0x0000000307000000|100%| E|CS|TAMS 0x0000000306000000, 0x0000000306000000| Complete 
|   7|0x0000000307000000, 0x0000000308000000, 0x0000000308000000|100%| E|CS|TAMS 0x0000000307000000, 0x0000000307000000| Complete 
|  78|0x000000034e000000, 0x000000034e382e70, 0x000000034f000000| 21%| S|CS|TAMS 0x000000034e000000, 0x000000034e000000| Complete 
|  79|0x000000034f000000, 0x0000000350000000, 0x0000000350000000|100%| E|CS|TAMS 0x000000034f000000, 0x000000034f000000| Complete 

Card table byte_map: [0x000002482c600000,0x000002482ee00000] _byte_map_base: 0x000002482ae00000

Marking Bits (Prev, Next): (CMBitMap*) 0x0000024812b52fb0, (CMBitMap*) 0x0000024812b52f70
 Prev Bits: [0x0000024845600000, 0x0000024859600000)
 Next Bits: [0x0000024831600000, 0x0000024845600000)

Polling page: 0x0000024810a30000

Metaspace:

Usage:
  Non-class:     29.16 MB used.
      Class:      4.28 MB used.
       Both:     33.44 MB used.

Virtual space:
  Non-class space:       64.00 MB reserved,      29.38 MB ( 46%) committed,  1 nodes.
      Class space:        1.00 GB reserved,       4.44 MB ( <1%) committed,  1 nodes.
             Both:        1.06 GB reserved,      33.81 MB (  3%) committed. 

Chunk freelists:
   Non-Class:  1.78 MB
       Class:  11.38 MB
        Both:  13.16 MB

MaxMetaspaceSize: unlimited
CompressedClassSpaceSize: 1.00 GB
Initial GC threshold: 21.00 MB
Current GC threshold: 35.12 MB
CDS: on
MetaspaceReclaimPolicy: balanced
 - commit_granule_bytes: 65536.
 - commit_granule_words: 8192.
 - virtual_space_node_default_size: 8388608.
 - enlarge_chunks_in_place: 1.
 - new_chunks_are_fully_committed: 0.
 - uncommit_free_chunks: 1.
 - use_allocation_guard: 0.
 - handle_deallocations: 1.


Internal statistics:

num_allocs_failed_limit: 3.
num_arena_births: 492.
num_arena_deaths: 0.
num_vsnodes_births: 2.
num_vsnodes_deaths: 0.
num_space_committed: 541.
num_space_uncommitted: 0.
num_chunks_returned_to_freelist: 3.
num_chunks_taken_from_freelist: 1692.
num_chunk_merges: 0.
num_chunk_splits: 1131.
num_chunks_enlarged: 831.
num_inconsistent_stats: 0.

CodeHeap 'non-profiled nmethods': size=119168Kb used=2754Kb max_used=2754Kb free=116413Kb
 bounds [0x0000024821f20000, 0x00000248221e0000, 0x0000024829380000]
CodeHeap 'profiled nmethods': size=119104Kb used=10205Kb max_used=10205Kb free=108898Kb
 bounds [0x000002481a380000, 0x000002481ad80000, 0x00000248217d0000]
CodeHeap 'non-nmethods': size=7488Kb used=1796Kb max_used=2977Kb free=5691Kb
 bounds [0x00000248217d0000, 0x0000024821ac0000, 0x0000024821f20000]
 total_blobs=5158 nmethods=4617 adapters=453
 compilation: enabled
              stopped_count=0, restarted_count=0
 full_count=0

Compilation events (20 events):
Event: 28.754 Thread 0x000002485c62c750 nmethod 4748 0x000002481ad72590 code [0x000002481ad72760, 0x000002481ad72a88]
Event: 28.758 Thread 0x000002485c62c750 4755       3       org.springframework.util.StringUtils::replace (130 bytes)
Event: 28.801 Thread 0x000002485c4d3cb0 nmethod 4756 0x000002481ad72c90 code [0x000002481ad72fe0, 0x000002481ad74688]
Event: 28.827 Thread 0x000002485c62c750 nmethod 4755 0x000002481ad74d10 code [0x000002481ad75020, 0x000002481ad76198]
Event: 28.835 Thread 0x000002485c62c750 4757   !   3       jdk.proxy2.$Proxy38::annotationType (29 bytes)
Event: 28.878 Thread 0x000002485c62c750 nmethod 4757 0x000002481ad76910 code [0x000002481ad76ae0, 0x000002481ad76ed8]
Event: 28.943 Thread 0x000002485c4d3200 nmethod 4628 0x00000248221afc90 code [0x00000248221b0440, 0x00000248221b71c8]
Event: 29.223 Thread 0x00000248a3e0b540 nmethod 4680 0x00000248221bba90 code [0x00000248221bbd20, 0x00000248221bcfc0]
Event: 29.231 Thread 0x00000248a27ea760 nmethod 4745 0x00000248221bda90 code [0x00000248221bdc40, 0x00000248221be578]
Event: 29.231 Thread 0x00000248a3e0b540 4747       4       org.springframework.beans.factory.support.AbstractBeanFactory::getMergedLocalBeanDefinition (38 bytes)
Event: 29.234 Thread 0x00000248a27ea760 4728       4       org.springframework.boot.context.properties.source.SystemEnvironmentPropertyMapper$$Lambda$115/0x000002485e0bc3a0::test (16 bytes)
Event: 29.234 Thread 0x000002485c4d3200 4729       4       org.springframework.boot.context.properties.source.SystemEnvironmentPropertyMapper::isLegacyAncestorOf (34 bytes)
Event: 29.297 Thread 0x000002485c62c750 4758       3       java.lang.ClassLoader::createOrGetClassLoaderValueMap (37 bytes)
Event: 29.301 Thread 0x000002485c62c750 nmethod 4758 0x000002481ad77090 code [0x000002481ad77260, 0x000002481ad775e8]
Event: 29.306 Thread 0x00000248a3e0bfe0 nmethod 4662 0x00000248221bea10 code [0x00000248221becc0, 0x00000248221c0728]
Event: 29.344 Thread 0x00000248a3e0bfe0 4746       4       org.springframework.core.BridgeMethodResolver::resolveBridgeMethod (180 bytes)
Event: 29.810 Thread 0x00000248a3e0b540 nmethod 4747 0x00000248221c1610 code [0x00000248221c1840, 0x00000248221c2710]
Event: 29.823 Thread 0x00000248a3e0b540 4697       4       java.util.ArrayDeque::isEmpty (17 bytes)
Event: 29.828 Thread 0x00000248a3e0b540 nmethod 4697 0x00000248221c3090 code [0x00000248221c3200, 0x00000248221c3298]
Event: 29.831 Thread 0x00000248a3e0b540 4739       4       org.springframework.core.annotation.TypeMappedAnnotations::scan (66 bytes)

GC Heap History (6 events):
Event: 6.520 GC heap before
{Heap before GC invocations=0 (full 0):
 garbage-first heap   total 1310720K, used 65536K [0x0000000300000000, 0x0000000800000000)
  region size 16384K, 4 young (65536K), 0 survivors (0K)
 Metaspace       used 12588K, committed 12864K, reserved 1114112K
  class space    used 1689K, committed 1792K, reserved 1048576K
}
Event: 6.541 GC heap after
{Heap after GC invocations=1 (full 0):
 garbage-first heap   total 1310720K, used 9488K [0x0000000300000000, 0x0000000800000000)
  region size 16384K, 1 young (16384K), 1 survivors (16384K)
 Metaspace       used 12588K, committed 12864K, reserved 1114112K
  class space    used 1689K, committed 1792K, reserved 1048576K
}
Event: 12.794 GC heap before
{Heap before GC invocations=1 (full 0):
 garbage-first heap   total 1310720K, used 58640K [0x0000000300000000, 0x0000000800000000)
  region size 16384K, 4 young (65536K), 1 survivors (16384K)
 Metaspace       used 20788K, committed 20992K, reserved 1114112K
  class space    used 2658K, committed 2752K, reserved 1048576K
}
Event: 12.809 GC heap after
{Heap after GC invocations=2 (full 0):
 garbage-first heap   total 1310720K, used 13021K [0x0000000300000000, 0x0000000800000000)
  region size 16384K, 1 young (16384K), 1 survivors (16384K)
 Metaspace       used 20788K, committed 20992K, reserved 1114112K
  class space    used 2658K, committed 2752K, reserved 1048576K
}
Event: 13.022 GC heap before
{Heap before GC invocations=2 (full 0):
 garbage-first heap   total 1310720K, used 13021K [0x0000000300000000, 0x0000000800000000)
  region size 16384K, 2 young (32768K), 1 survivors (16384K)
 Metaspace       used 21219K, committed 21504K, reserved 1114112K
  class space    used 2725K, committed 2816K, reserved 1048576K
}
Event: 13.030 GC heap after
{Heap after GC invocations=3 (full 0):
 garbage-first heap   total 1310720K, used 12876K [0x0000000300000000, 0x0000000800000000)
  region size 16384K, 1 young (16384K), 1 survivors (16384K)
 Metaspace       used 21219K, committed 21504K, reserved 1114112K
  class space    used 2725K, committed 2816K, reserved 1048576K
}

Deoptimization events (20 events):
Event: 28.702 Thread 0x00000248a301aba0 Uncommon trap: trap_request=0xfffffff4 fr.pc=0x00000248220c06c8 relative=0x00000000000006e8
Event: 28.702 Thread 0x00000248a301aba0 Uncommon trap: reason=null_check action=make_not_entrant pc=0x00000248220c06c8 method=org.springframework.beans.factory.support.DefaultListableBeanFactory.getBeanDefinition(Ljava/lang/String;)Lorg/springframework/beans/factory/config/BeanDefinition; @ 10 
Event: 28.702 Thread 0x00000248a301aba0 DEOPT PACKING pc=0x00000248220c06c8 sp=0x000000faa46fbfc0
Event: 28.703 Thread 0x00000248a301aba0 DEOPT UNPACKING pc=0x000002482182239d sp=0x000000faa46fbef8 mode 2
Event: 28.835 Thread 0x00000248a301aba0 Uncommon trap: trap_request=0xffffffbe fr.pc=0x00000248221b3b18 relative=0x00000000000036d8
Event: 28.836 Thread 0x00000248a301aba0 Uncommon trap: reason=profile_predicate action=maybe_recompile pc=0x00000248221b3b18 method=org.springframework.util.ReflectionUtils.doWithMethods(Ljava/lang/Class;Lorg/springframework/util/ReflectionUtils$MethodCallback;Lorg/springframework/util/Reflecti
Event: 28.862 Thread 0x00000248a301aba0 DEOPT PACKING pc=0x00000248221b3b18 sp=0x000000faa46fc800
Event: 28.862 Thread 0x00000248a301aba0 DEOPT UNPACKING pc=0x000002482182239d sp=0x000000faa46fc840 mode 2
Event: 28.869 Thread 0x00000248a301aba0 Uncommon trap: trap_request=0xffffffbe fr.pc=0x00000248221b3b18 relative=0x00000000000036d8
Event: 28.875 Thread 0x00000248a301aba0 Uncommon trap: reason=profile_predicate action=maybe_recompile pc=0x00000248221b3b18 method=org.springframework.util.ReflectionUtils.doWithMethods(Ljava/lang/Class;Lorg/springframework/util/ReflectionUtils$MethodCallback;Lorg/springframework/util/Reflecti
Event: 28.878 Thread 0x00000248a301aba0 DEOPT PACKING pc=0x00000248221b3b18 sp=0x000000faa46fc740
Event: 28.878 Thread 0x00000248a301aba0 DEOPT UNPACKING pc=0x000002482182239d sp=0x000000faa46fc798 mode 2
Event: 28.879 Thread 0x00000248a301aba0 Uncommon trap: trap_request=0xffffffbe fr.pc=0x00000248221b3b18 relative=0x00000000000036d8
Event: 28.879 Thread 0x00000248a301aba0 Uncommon trap: reason=profile_predicate action=maybe_recompile pc=0x00000248221b3b18 method=org.springframework.util.ReflectionUtils.doWithMethods(Ljava/lang/Class;Lorg/springframework/util/ReflectionUtils$MethodCallback;Lorg/springframework/util/Reflecti
Event: 28.882 Thread 0x00000248a301aba0 DEOPT PACKING pc=0x00000248221b3b18 sp=0x000000faa46fc800
Event: 28.882 Thread 0x00000248a301aba0 DEOPT UNPACKING pc=0x000002482182239d sp=0x000000faa46fc840 mode 2
Event: 28.886 Thread 0x00000248a301aba0 Uncommon trap: trap_request=0xffffffbe fr.pc=0x00000248221b3b18 relative=0x00000000000036d8
Event: 28.887 Thread 0x00000248a301aba0 Uncommon trap: reason=profile_predicate action=maybe_recompile pc=0x00000248221b3b18 method=org.springframework.util.ReflectionUtils.doWithMethods(Ljava/lang/Class;Lorg/springframework/util/ReflectionUtils$MethodCallback;Lorg/springframework/util/Reflecti
Event: 28.888 Thread 0x00000248a301aba0 DEOPT PACKING pc=0x00000248221b3b18 sp=0x000000faa46fc740
Event: 28.888 Thread 0x00000248a301aba0 DEOPT UNPACKING pc=0x000002482182239d sp=0x000000faa46fc798 mode 2

Classes unloaded (0 events):
No events

Classes redefined (0 events):
No events

Internal exceptions (20 events):
Event: 18.701 Thread 0x00000248a301aba0 Exception <a 'java/lang/NoSuchMethodError'{0x00000003062700f0}: 'void java.lang.invoke.DirectMethodHandle$Holder.invokeStatic(java.lang.Object, int, java.lang.Object)'> (0x00000003062700f0) 
thrown [s\open\src\hotspot\share\interpreter\linkResolver.cpp, line 759]
Event: 18.819 Thread 0x00000248a301aba0 Exception <a 'java/lang/NoSuchMethodError'{0x0000000306300fc8}: 'int java.lang.invoke.DirectMethodHandle$Holder.invokeSpecial(java.lang.Object, java.lang.Object, int)'> (0x0000000306300fc8) 
thrown [s\open\src\hotspot\share\interpreter\linkResolver.cpp, line 759]
Event: 18.881 Thread 0x00000248a301aba0 Exception <a 'java/lang/NoSuchMethodError'{0x000000030630ef88}: 'void java.lang.invoke.DirectMethodHandle$Holder.invokeVirtual(java.lang.Object, java.lang.Object, int)'> (0x000000030630ef88) 
thrown [s\open\src\hotspot\share\interpreter\linkResolver.cpp, line 759]
Event: 18.882 Thread 0x00000248a301aba0 Exception <a 'java/lang/NoSuchMethodError'{0x00000003063151d0}: 'void java.lang.invoke.DirectMethodHandle$Holder.invokeStatic(java.lang.Object, java.lang.Object, java.lang.Object, int, java.lang.Object)'> (0x00000003063151d0) 
thrown [s\open\src\hotspot\share\interpreter\linkResolver.cpp, line 759]
Event: 18.900 Thread 0x00000248a301aba0 Exception <a 'java/lang/NoSuchMethodError'{0x000000030631c6d8}: 'java.lang.Object java.lang.invoke.DirectMethodHandle$Holder.newInvokeSpecial(java.lang.Object, java.lang.Object, java.lang.Object, int)'> (0x000000030631c6d8) 
thrown [s\open\src\hotspot\share\interpreter\linkResolver.cpp, line 759]
Event: 18.901 Thread 0x00000248a301aba0 Exception <a 'java/lang/NoSuchMethodError'{0x00000003063209c0}: 'java.lang.Object java.lang.invoke.DirectMethodHandle$Holder.invokeSpecial(java.lang.Object, java.lang.Object, java.lang.Object, java.lang.Object, int)'> (0x00000003063209c0) 
thrown [s\open\src\hotspot\share\interpreter\linkResolver.cpp, line 759]
Event: 18.901 Thread 0x00000248a301aba0 Exception <a 'java/lang/NoSuchMethodError'{0x0000000306324588}: 'java.lang.Object java.lang.invoke.Invokers$Holder.linkToTargetMethod(java.lang.Object, java.lang.Object, int, java.lang.Object)'> (0x0000000306324588) 
thrown [s\open\src\hotspot\share\interpreter\linkResolver.cpp, line 759]
Event: 19.867 Thread 0x00000248a301aba0 Exception <a 'java/lang/NoSuchMethodError'{0x00000003066f4870}: 'java.lang.Object java.lang.invoke.DirectMethodHandle$Holder.invokeStaticInit(java.lang.Object, int, int, int, int)'> (0x00000003066f4870) 
thrown [s\open\src\hotspot\share\interpreter\linkResolver.cpp, line 759]
Event: 20.057 Thread 0x00000248a301aba0 Exception <a 'java/lang/NoSuchMethodError'{0x000000030672e420}: 'java.lang.Object java.lang.invoke.DirectMethodHandle$Holder.invokeStaticInit(java.lang.Object, java.lang.Object, int, int, int, int)'> (0x000000030672e420) 
thrown [s\open\src\hotspot\share\interpreter\linkResolver.cpp, line 759]
Event: 21.568 Thread 0x00000248a301aba0 Exception <a 'sun/nio/fs/WindowsException'{0x00000003052c1bf0}> (0x00000003052c1bf0) 
thrown [s\open\src\hotspot\share\prims\jni.cpp, line 516]
Event: 21.570 Thread 0x00000248a301aba0 Exception <a 'sun/nio/fs/WindowsException'{0x00000003052c76a8}> (0x00000003052c76a8) 
thrown [s\open\src\hotspot\share\prims\jni.cpp, line 516]
Event: 21.571 Thread 0x00000248a301aba0 Exception <a 'sun/nio/fs/WindowsException'{0x00000003052c7db0}> (0x00000003052c7db0) 
thrown [s\open\src\hotspot\share\prims\jni.cpp, line 516]
Event: 21.836 Thread 0x00000248a301aba0 Exception <a 'java/io/FileNotFoundException'{0x00000003053e1078}> (0x00000003053e1078) 
thrown [s\open\src\hotspot\share\prims\jni.cpp, line 516]
Event: 24.214 Thread 0x00000248a301aba0 Exception <a 'java/lang/NoSuchMethodError'{0x00000003044272b0}: 'int java.lang.invoke.DirectMethodHandle$Holder.invokeInterface(java.lang.Object, java.lang.Object, java.lang.Object, java.lang.Object)'> (0x00000003044272b0) 
thrown [s\open\src\hotspot\share\interpreter\linkResolver.cpp, line 759]
Event: 25.705 Thread 0x00000248a301aba0 Exception <a 'java/lang/NoSuchMethodError'{0x000000030460c840}: 'long java.lang.invoke.DirectMethodHandle$Holder.invokeVirtual(java.lang.Object, java.lang.Object)'> (0x000000030460c840) 
thrown [s\open\src\hotspot\share\interpreter\linkResolver.cpp, line 759]
Event: 25.718 Thread 0x00000248a301aba0 Exception <a 'java/io/FileNotFoundException'{0x000000030468e988}> (0x000000030468e988) 
thrown [s\open\src\hotspot\share\prims\jni.cpp, line 516]
Event: 26.867 Thread 0x00000248a301aba0 Implicit null exception at 0x000002482218d0bc to 0x000002482218d630
Event: 26.895 Thread 0x00000248a301aba0 Implicit null exception at 0x0000024822188c2a to 0x0000024822188f54
Event: 28.702 Thread 0x00000248a301aba0 Implicit null exception at 0x00000248220c038f to 0x00000248220c06bc
Event: 28.735 Thread 0x00000248a301aba0 Exception <a 'sun/nio/fs/WindowsException'{0x0000000304d19640}> (0x0000000304d19640) 
thrown [s\open\src\hotspot\share\prims\jni.cpp, line 516]

VM Operations (20 events):
Event: 22.328 Executing VM operation: HandshakeAllThreads done
Event: 23.328 Executing VM operation: Cleanup
Event: 23.329 Executing VM operation: Cleanup done
Event: 24.831 Executing VM operation: HandshakeAllThreads
Event: 24.831 Executing VM operation: HandshakeAllThreads done
Event: 24.831 Executing VM operation: Cleanup
Event: 24.837 Executing VM operation: Cleanup done
Event: 24.870 Executing VM operation: HandshakeAllThreads
Event: 24.871 Executing VM operation: HandshakeAllThreads done
Event: 25.728 Executing VM operation: HandshakeAllThreads
Event: 25.728 Executing VM operation: HandshakeAllThreads done
Event: 26.730 Executing VM operation: Cleanup
Event: 26.738 Executing VM operation: Cleanup done
Event: 26.838 Executing VM operation: HandshakeAllThreads
Event: 26.838 Executing VM operation: HandshakeAllThreads done
Event: 27.841 Executing VM operation: Cleanup
Event: 27.847 Executing VM operation: Cleanup done
Event: 28.847 Executing VM operation: Cleanup
Event: 28.859 Executing VM operation: Cleanup done
Event: 29.859 Executing VM operation: Cleanup

Events (20 events):
Event: 26.047 loading class java/lang/Thread$State
Event: 26.052 loading class java/lang/Thread$State done
Event: 26.056 Thread 0x00000248a48099c0 Thread added: 0x00000248a48099c0
Event: 26.121 Thread 0x00000248a5243fe0 Thread added: 0x00000248a5243fe0
Event: 26.121 loading class java/util/concurrent/locks/AbstractQueuedSynchronizer$ConditionNode
Event: 26.122 loading class java/util/concurrent/locks/AbstractQueuedSynchronizer$ExclusiveNode
Event: 26.122 loading class java/util/concurrent/locks/AbstractQueuedSynchronizer$Node
Event: 26.122 loading class java/util/concurrent/locks/AbstractQueuedSynchronizer$Node done
Event: 26.122 loading class java/util/concurrent/locks/AbstractQueuedSynchronizer$ConditionNode done
Event: 26.130 loading class java/util/concurrent/locks/AbstractQueuedSynchronizer$ExclusiveNode done
Event: 26.347 Thread 0x00000248a4413f30 Thread added: 0x00000248a4413f30
Event: 26.836 loading class java/util/concurrent/Executors$FinalizableDelegatedExecutorService
Event: 26.837 loading class java/util/concurrent/Executors$DelegatedExecutorService
Event: 26.837 loading class java/util/concurrent/Executors$DelegatedExecutorService done
Event: 26.837 loading class java/util/concurrent/Executors$FinalizableDelegatedExecutorService done
Event: 26.839 Thread 0x00000248a4414950 Thread added: 0x00000248a4414950
Event: 28.511 loading class javax/naming/Referenceable
Event: 28.522 loading class javax/naming/Referenceable done
Event: 29.306 loading class java/lang/instrument/ClassFileTransformer
Event: 29.306 loading class java/lang/instrument/ClassFileTransformer done


Dynamic libraries:
0x00007ff7714f0000 - 0x00007ff771500000 	C:\Program Files\Java\jdk-17\bin\javaw.exe
0x00007ff815860000 - 0x00007ff815a61000 	C:\Windows\SYSTEM32\ntdll.dll
0x00007ff8138a0000 - 0x00007ff81395e000 	C:\Windows\System32\KERNEL32.DLL
0x00007ff812dc0000 - 0x00007ff813130000 	C:\Windows\System32\KERNELBASE.dll
0x000000006deb0000 - 0x000000006df5e000 	C:\Windows\System32\SYSFER.DLL
0x00007ff8132f0000 - 0x00007ff813400000 	C:\Windows\System32\ucrtbase.dll
0x00007ffff7070000 - 0x00007ffff7089000 	C:\Program Files\Java\jdk-17\bin\jli.dll
0x00007ffffa3b0000 - 0x00007ffffa3cb000 	C:\Program Files\Java\jdk-17\bin\VCRUNTIME140.dll
0x00007ff814670000 - 0x00007ff814721000 	C:\Windows\System32\ADVAPI32.dll
0x00007ff814500000 - 0x00007ff8145a3000 	C:\Windows\System32\msvcrt.dll
0x00007ff815520000 - 0x00007ff8155c2000 	C:\Windows\System32\sechost.dll
0x00007ff8132c0000 - 0x00007ff8132e7000 	C:\Windows\System32\bcrypt.dll
0x00007ff813770000 - 0x00007ff81388e000 	C:\Windows\System32\RPCRT4.dll
0x00007ff814f50000 - 0x00007ff8150f5000 	C:\Windows\System32\USER32.dll
0x00007ff813130000 - 0x00007ff813156000 	C:\Windows\System32\win32u.dll
0x00007ff8046f0000 - 0x00007ff804995000 	C:\Windows\WinSxS\amd64_microsoft.windows.common-controls_6595b64144ccf1df_6.0.20348.2849_none_947683b1eef1cae2\COMCTL32.dll
0x00007ff815740000 - 0x00007ff81576c000 	C:\Windows\System32\GDI32.dll
0x00007ff813540000 - 0x00007ff81365b000 	C:\Windows\System32\gdi32full.dll
0x00007ff8136d0000 - 0x00007ff813770000 	C:\Windows\System32\msvcp_win.dll
0x00007ff8049a0000 - 0x00007ff8049aa000 	C:\Windows\SYSTEM32\VERSION.dll
0x00007ff8157e0000 - 0x00007ff815811000 	C:\Windows\System32\IMM32.DLL
0x00007ff800c20000 - 0x00007ff800c2c000 	C:\Program Files\Java\jdk-17\bin\vcruntime140_1.dll
0x00007fffdd610000 - 0x00007fffdd69e000 	C:\Program Files\Java\jdk-17\bin\msvcp140.dll
0x00007fffaaee0000 - 0x00007fffabac0000 	C:\Program Files\Java\jdk-17\bin\server\jvm.dll
0x00007ff8143e0000 - 0x00007ff8143e8000 	C:\Windows\System32\PSAPI.DLL
0x00007ffff7530000 - 0x00007ffff7539000 	C:\Windows\SYSTEM32\WSOCK32.dll
0x00007ff8143f0000 - 0x00007ff814461000 	C:\Windows\System32\WS2_32.dll
0x00007ff8049b0000 - 0x00007ff8049d7000 	C:\Windows\SYSTEM32\WINMM.dll
0x00007ff811690000 - 0x00007ff8116a7000 	C:\Windows\SYSTEM32\kernel.appcore.dll
0x00007ffffbcb0000 - 0x00007ffffbcba000 	C:\Program Files\Java\jdk-17\bin\jimage.dll
0x00007ff804fa0000 - 0x00007ff8051b1000 	C:\Windows\SYSTEM32\DBGHELP.DLL
0x00007ff801e30000 - 0x00007ff801e60000 	C:\Windows\SYSTEM32\dbgcore.DLL
0x00007ff8134c0000 - 0x00007ff81353f000 	C:\Windows\System32\bcryptPrimitives.dll
0x00007fffdd5e0000 - 0x00007fffdd605000 	C:\Program Files\Java\jdk-17\bin\java.dll
0x00007fffdd500000 - 0x00007fffdd5d7000 	C:\Program Files\Java\jdk-17\bin\jsvml.dll
0x00007ff813c80000 - 0x00007ff8143da000 	C:\Windows\System32\SHELL32.dll
0x00007ff808370000 - 0x00007ff808bb3000 	C:\Windows\SYSTEM32\windows.storage.dll
0x00007ff814bb0000 - 0x00007ff814f21000 	C:\Windows\System32\combase.dll
0x00007ff813b90000 - 0x00007ff813c7a000 	C:\Windows\System32\SHCORE.dll
0x00007ff814610000 - 0x00007ff81466f000 	C:\Windows\System32\shlwapi.dll
0x00007ff812cf0000 - 0x00007ff812d11000 	C:\Windows\SYSTEM32\profapi.dll
0x00007fffdd4e0000 - 0x00007fffdd4f9000 	C:\Program Files\Java\jdk-17\bin\net.dll
0x00007ff80df60000 - 0x00007ff80e068000 	C:\Windows\SYSTEM32\WINHTTP.dll
0x00007ff8123d0000 - 0x00007ff812438000 	C:\Windows\system32\mswsock.dll
0x00007fffdd4c0000 - 0x00007fffdd4d6000 	C:\Program Files\Java\jdk-17\bin\nio.dll
0x00007fffdd4a0000 - 0x00007fffdd4b8000 	C:\Program Files\Java\jdk-17\bin\zip.dll
0x00007ffffbbb0000 - 0x00007ffffbbba000 	C:\Program Files\Java\jdk-17\bin\management.dll
0x00007ffff79a0000 - 0x00007ffff79ab000 	C:\Program Files\Java\jdk-17\bin\management_ext.dll
0x00007ffff7690000 - 0x00007ffff769e000 	C:\Program Files\Java\jdk-17\bin\sunmscapi.dll
0x00007ff813160000 - 0x00007ff8132bf000 	C:\Windows\System32\CRYPT32.dll
0x00007ff812740000 - 0x00007ff81276f000 	C:\Windows\SYSTEM32\ncrypt.dll
0x00007ff812700000 - 0x00007ff812737000 	C:\Windows\SYSTEM32\NTASN1.dll
0x00007ff812620000 - 0x00007ff81263b000 	C:\Windows\SYSTEM32\CRYPTSP.dll
0x00007ff811ed0000 - 0x00007ff811f05000 	C:\Windows\system32\rsaenh.dll
0x00007ff8124d0000 - 0x00007ff8124fe000 	C:\Windows\SYSTEM32\USERENV.dll
0x00007ff812640000 - 0x00007ff81264c000 	C:\Windows\SYSTEM32\CRYPTBASE.dll
0x00007ff8120f0000 - 0x00007ff81211d000 	C:\Windows\SYSTEM32\IPHLPAPI.DLL
0x00007ff8155f0000 - 0x00007ff8155f9000 	C:\Windows\System32\NSI.dll
0x00007ff80f910000 - 0x00007ff80f929000 	C:\Windows\SYSTEM32\dhcpcsvc6.DLL
0x00007ff80f8f0000 - 0x00007ff80f90d000 	C:\Windows\SYSTEM32\dhcpcsvc.DLL
0x00007ff812130000 - 0x00007ff812217000 	C:\Windows\SYSTEM32\DNSAPI.dll

dbghelp: loaded successfully - version: 4.0.5 - missing functions: none
symbol engine: initialized successfully - sym options: 0x614 - pdb path: .;C:\Program Files\Java\jdk-17\bin;C:\Windows\SYSTEM32;C:\Windows\WinSxS\amd64_microsoft.windows.common-controls_6595b64144ccf1df_6.0.20348.2849_none_947683b1eef1cae2;C:\Program Files\Java\jdk-17\bin\server

VM Arguments:
jvm_args: -Dfile.encoding=UTF-8 -Dstdout.encoding=UTF-8 -Dstderr.encoding=UTF-8 -XX:+ShowCodeDetailsInExceptionMessages 
java_command: com.training.Application
java_class_path (initial): C:\JavaProjects_AnuAlias\150-SpringBoot-JPA-MVC\target\classes;C:\Users\devops4\.m2\repository\org\springframework\boot\spring-boot-starter-data-jpa\3.4.4\spring-boot-starter-data-jpa-3.4.4.jar;C:\Users\devops4\.m2\repository\org\springframework\boot\spring-boot-starter\3.4.4\spring-boot-starter-3.4.4.jar;C:\Users\devops4\.m2\repository\org\springframework\boot\spring-boot-starter-logging\3.4.4\spring-boot-starter-logging-3.4.4.jar;C:\Users\devops4\.m2\repository\ch\qos\logback\logback-classic\1.5.18\logback-classic-1.5.18.jar;C:\Users\devops4\.m2\repository\ch\qos\logback\logback-core\1.5.18\logback-core-1.5.18.jar;C:\Users\devops4\.m2\repository\org\apache\logging\log4j\log4j-to-slf4j\2.24.3\log4j-to-slf4j-2.24.3.jar;C:\Users\devops4\.m2\repository\org\apache\logging\log4j\log4j-api\2.24.3\log4j-api-2.24.3.jar;C:\Users\devops4\.m2\repository\org\slf4j\jul-to-slf4j\2.0.17\jul-to-slf4j-2.0.17.jar;C:\Users\devops4\.m2\repository\jakarta\annotation\jakarta.annotation-api\2.1.1\jakarta.annotation-api-2.1.1.jar;C:\Users\devops4\.m2\repository\org\yaml\snakeyaml\2.3\snakeyaml-2.3.jar;C:\Users\devops4\.m2\repository\org\springframework\boot\spring-boot-starter-jdbc\3.4.4\spring-boot-starter-jdbc-3.4.4.jar;C:\Users\devops4\.m2\repository\com\zaxxer\HikariCP\5.1.0\HikariCP-5.1.0.jar;C:\Users\devops4\.m2\repository\org\springframework\spring-jdbc\6.2.5\spring-jdbc-6.2.5.jar;C:\Users\devops4\.m2\repository\org\hibernate\orm\hibernate-core\6.6.11.Final\hibernate-core-6.6.11.Final.jar;C:\Users\devops4\.m2\repository\jakarta\persistence\jakarta.persistence-api\3.1.0\jakarta.persistence-api-3.1.0.jar;C:\Users\devops4\.m2\repository\jakarta\transaction\jakarta.transaction-api\2.0.1\jakarta.transaction-api-2.0.1.jar;C:\Users\devops4\.m2\repository\org\hibernate\common\hibernate-commons-annotations\7.0.3.Final\hibernate-commons-annotations-7.0.3.Final.jar;C:\Users\devops4\.m2\repository\io\smallrye\jandex\3.2.0\jandex-3.2.0.jar;C:\Users\devops4\.m2\repos
Launcher Type: SUN_STANDARD

[Global flags]
     intx CICompilerCount                          = 12                                        {product} {ergonomic}
     uint ConcGCThreads                            = 3                                         {product} {ergonomic}
     uint G1ConcRefinementThreads                  = 13                                        {product} {ergonomic}
   size_t G1HeapRegionSize                         = 16777216                                  {product} {ergonomic}
    uintx GCDrainStackTargetSize                   = 64                                        {product} {ergonomic}
   size_t InitialHeapSize                          = 1342177280                                {product} {ergonomic}
   size_t MarkStackSize                            = 4194304                                   {product} {ergonomic}
   size_t MaxHeapSize                              = 21474836480                               {product} {ergonomic}
   size_t MaxNewSize                               = 12884901888                               {product} {ergonomic}
   size_t MinHeapDeltaBytes                        = 16777216                                  {product} {ergonomic}
   size_t MinHeapSize                              = 16777216                                  {product} {ergonomic}
    uintx NonNMethodCodeHeapSize                   = 7602480                                {pd product} {ergonomic}
    uintx NonProfiledCodeHeapSize                  = 122027880                              {pd product} {ergonomic}
    uintx ProfiledCodeHeapSize                     = 122027880                              {pd product} {ergonomic}
    uintx ReservedCodeCacheSize                    = 251658240                              {pd product} {ergonomic}
     bool SegmentedCodeCache                       = true                                      {product} {ergonomic}
     bool ShowCodeDetailsInExceptionMessages       = true                                   {manageable} {command line}
   size_t SoftMaxHeapSize                          = 21474836480                            {manageable} {ergonomic}
     bool UseCompressedClassPointers               = true                           {product lp64_product} {ergonomic}
     bool UseCompressedOops                        = true                           {product lp64_product} {ergonomic}
     bool UseG1GC                                  = true                                      {product} {ergonomic}
     bool UseLargePagesIndividualAllocation        = false                                  {pd product} {ergonomic}

Logging:
Log output configuration:
 #0: stdout all=warning uptime,level,tags
 #1: stderr all=off uptime,level,tags

Environment Variables:
JAVA_HOME=C:\Program Files\Java\jdk-17
PATH=C:/spring-tool-suite_devops4/sts-4.27.0.RELEASE//plugins/org.eclipse.justj.openjdk.hotspot.jre.full.win32.x86_64_21.0.5.v20241023-1957/jre/bin/server;C:/spring-tool-suite_devops4/sts-4.27.0.RELEASE//plugins/org.eclipse.justj.openjdk.hotspot.jre.full.win32.x86_64_21.0.5.v20241023-1957/jre/bin;C:\Program Files\Java\jdk-17\bin;C:\Users\devops4\AppData\Local\Microsoft\WindowsApps;;C:\spring-tool-suite_devops4\sts-4.27.0.RELEASE;
USERNAME=devops4
OS=Windows_NT
PROCESSOR_IDENTIFIER=Intel64 Family 6 Model 26 Stepping 5, GenuineIntel



---------------  S Y S T E M  ---------------

OS:
 Windows Server 2022 , 64 bit Build 20348 (10.0.20348.3089)
OS uptime: 2 days 17:44 hours
Hyper-V role detected

CPU: total 16 (initial active 16) (4 cores per cpu, 2 threads per core) family 6 model 26 stepping 5 microcode 0x1d, cx8, cmov, fxsr, ht, mmx, sse, sse2, sse3, ssse3, sse4.1, sse4.2, popcnt, tsc, tscinvbit, clflush, hv

Memory: 4k page, system-wide physical 81875M (17978M free)
TotalPageFile size 119272M (AvailPageFile size 5M)
current process WorkingSet (physical memory assigned to process): 294M, peak: 294M
current process commit charge ("private bytes"): 404M, peak: 1486M

vm_info: Java HotSpot(TM) 64-Bit Server VM (17.0.11+7-LTS-207) for windows-amd64 JRE (17.0.11+7-LTS-207), built on Mar 11 2024 19:01:50 by "mach5one" with MS VC++ 17.6 (VS2022)

END.
